2026-07-10T21:57:20+00:00
ROCM-SMI version: 4.0.0+97f5574fe2
ROCM-SMI-LIB version: 7.8.0


============================================ ROCm System Management Interface ============================================
====================================================== Concise Info ======================================================
Device  Node  IDs              Temp        Power     Partitions          SCLK    MCLK    Fan  Perf  PwrCap  VRAM%  GPU%  
              (DID,     GUID)  (Junction)  (Socket)  (Mem, Compute, ID)                                                  
==========================================================================================================================
0       1     0x74b5,   21947  39.0°C      141.0W    NPS1, SPX, 0        145Mhz  900Mhz  0%   auto  750.0W  0%     0%    
==========================================================================================================================
================================================== End of ROCm SMI Log ===================================================


============================ ROCm System Management Interface ============================
============================== Version of System Component ===============================
Driver version: 6.16.13
==========================================================================================
================================== Memory Usage (Bytes) ==================================
GPU[0]		: VRAM Total Memory (B): 205822885888
GPU[0]		: VRAM Total Used Memory (B): 299687936
==========================================================================================
====================================== Product Info ======================================
GPU[0]		: Card Series: 		AMD Instinct MI300X VF
GPU[0]		: Card Model: 		0x74b5
GPU[0]		: Card Vendor: 		Advanced Micro Devices, Inc. [AMD/ATI]
GPU[0]		: Card SKU: 		M3000100
GPU[0]		: Subsystem ID: 	0x74a1
GPU[0]		: Device Rev: 		0x00
GPU[0]		: Node ID: 		1
GPU[0]		: GUID: 		21947
GPU[0]		: GFX Version: 		gfx942
==========================================================================================
================================== End of ROCm SMI Log ===================================
